LOG: ====================================
LOG: Benchmarking HyCC
LOG: ====================================
LOG: TEST PATH: .././modules/HyCC/examples/benchmarks/kmeans/kmeans.c
LOG: SPEC_FILE: tests/hycc/kmeans.spec
LOG: MINIMIZATION TIME: 0
LOG: COST MODEL: hycc
LOG: Running with args: ['--all-variants']
LOG: ====================================
LOG: Test: Build circuit time
LOG: Compile time: 8.23882
LOG: Time / Memory: 8.25 seconds 177884 kB
LOG: ====================================
LOG: Test: Module bundle time
LOG: Time / Memory: 0.03 seconds 10020 kB
LOG: ====================================
LOG: Test: yaoonly RERUN 0:
LOG: Server load time: 321.331
LOG: Server exec time: 15.5585
LOG: Server Time / Memory: 388.16 seconds 33135716 kB
LOG: Client load time: 317.858
LOG: Client exec time: 19.0289
LOG: Client Time / Memory: 382.26 seconds 33336716 kB
LOG: ====================================
LOG: Test: yaohybrid RERUN 0:
LOG: Error: Process returned with status code 134
LOG: Error message: terminate called after throwing an instance of 'std::out_of_range'   what():  _Map_base::at Command terminated by signal 6 31.69 seconds 4449316 kB
LOG: ====================================
LOG: Test: gmwonly RERUN 0:
LOG: Server load time: 320.142
LOG: Server exec time: 41.8022
LOG: Server Time / Memory: 411.62 seconds 31966108 kB
LOG: Client load time: 339.516
LOG: Client exec time: 22.4276
LOG: Client Time / Memory: 414.36 seconds 31964384 kB
LOG: ====================================
LOG: Test: gmwhybrid RERUN 0:
LOG: Error: Process returned with status code 134
LOG: Error message: terminate called after throwing an instance of 'std::out_of_range'   what():  _Map_base::at Command terminated by signal 6 29.86 seconds 4204352 kB
LOG: ====================================
LOG: Test: Selection time
LOG: Error: Process returned with status code 1
LOG: Error message: Traceback (most recent call last):   File ".././modules/HyCC/src/circuit-utils/py/selection.py", line 390, in <module>     results = protocol_selection.run(modules)   File ".././modules/HyCC/src/circuit-utils/py/selection.py", line 291, in run     execution_cost[(module, variant)] = self.cost(variants[variant])   File ".././modules/HyCC/src/circuit-utils/py/selection.py", line 231, in cost     raise Exception('Unknown gate kind: {}'.format(gate)) Exception: Unknown gate kind: one Command exited with non-zero status 1 1.97 seconds 147096 kB
LOG: Failed optimize_selection with args: ['--all-variants'], exception:
LOG: ====================================
LOG: Missing: ps_optimized.cmb
LOG: ====================================
LOG: Running with args: ['--all-variants', '--outline']
LOG: ====================================
LOG: Test: Build circuit time
LOG: Error: Process returned with status code 134
LOG: Error message: <command-line>: warning: "__STDC_VERSION__" redefined <built-in>: note: this is the location of the previous definition <command-line>: warning: "__STDC_VERSION__" redefined <built-in>: note: this is the location of the previous definition terminate called after throwing an instance of 'std::runtime_error'   what():  No reaching definitions analysis result available Command terminated by signal 6 1.41 seconds 71000 kB
LOG: Failed building circuit with args: ['--all-variants', '--outline'], exception:
LOG: ====================================
LOG: Missing: yaoonly.cmb
LOG: ====================================
LOG: Missing: yaohybrid.cmb
LOG: ====================================
LOG: Missing: gmwonly.cmb
LOG: ====================================
LOG: Missing: gmwhybrid.cmb
LOG: ====================================
LOG: Test: Selection time
LOG: Time / Memory: 0.03 seconds 12116 kB
LOG: ====================================
LOG: Test: ps_optimized RERUN 0:
LOG: Error: Process returned with status code 134
LOG: Error message: terminate called after throwing an instance of 'std::runtime_error'   what():  You must specify at least one circuit file Command terminated by signal 6 0.17 seconds 5436 kB
LOG: ====================================
